[2025-11-26T11:06:35.203Z] INFO GET /api-docs/
[2025-11-26T11:06:35.264Z] INFO GET /api-docs/swagger-ui.css
[2025-11-26T11:06:35.266Z] INFO GET /api-docs/swagger-ui-bundle.js
[2025-11-26T11:06:35.269Z] INFO GET /api-docs/swagger-ui-standalone-preset.js
[2025-11-26T11:06:35.271Z] INFO GET /api-docs/swagger-ui-init.js
[2025-11-26T11:06:35.350Z] INFO GET /api-docs/favicon-32x32.png
[2025-11-26T11:06:38.861Z] INFO GET /api-docs/
[2025-11-26T11:06:38.871Z] INFO GET /api-docs/swagger-ui.css
[2025-11-26T11:06:38.872Z] INFO GET /api-docs/swagger-ui-bundle.js
[2025-11-26T11:06:38.873Z] INFO GET /api-docs/swagger-ui-standalone-preset.js
[2025-11-26T11:06:38.874Z] INFO GET /api-docs/swagger-ui-init.js
[2025-11-26T11:06:38.914Z] INFO GET /api-docs/favicon-32x32.png
[2025-11-26T11:06:44.240Z] INFO GET /api-docs
[2025-11-26T11:06:44.243Z] INFO GET /api-docs/
[2025-11-26T11:06:44.254Z] INFO GET /api-docs/swagger-ui.css
[2025-11-26T11:06:44.254Z] INFO GET /api-docs/swagger-ui-bundle.js
[2025-11-26T11:06:44.255Z] INFO GET /api-docs/swagger-ui-standalone-preset.js
[2025-11-26T11:06:44.255Z] INFO GET /api-docs/swagger-ui-init.js
[2025-11-26T11:12:53.475Z] INFO POST /auth/login
[2025-11-26T11:13:56.349Z] INFO POST /auth/login
[2025-11-26T11:17:19.283Z] INFO POST /auth/login
[2025-11-26T11:21:15.578Z] INFO POST /employees
[2025-11-26T11:24:05.442Z] INFO POST /leaves
[2025-11-26T11:26:17.332Z] INFO PUT /leaves/1/approve
[2025-11-26T11:30:59.991Z] INFO POST /employees
[2025-11-26T11:31:44.499Z] INFO GET /employees
[2025-11-26T11:38:35.723Z] INFO GET /api-docs/
[2025-11-26T11:38:35.744Z] INFO GET /api-docs/swagger-ui.css
[2025-11-26T11:38:35.745Z] INFO GET /api-docs/swagger-ui-standalone-preset.js
[2025-11-26T11:38:35.747Z] INFO GET /api-docs/swagger-ui-bundle.js
[2025-11-26T11:38:35.748Z] INFO GET /api-docs/swagger-ui-init.js
[2025-11-26T11:38:35.779Z] INFO GET /api-docs/favicon-32x32.png
[2025-11-26T11:38:38.692Z] INFO GET /api-docs/
[2025-11-26T11:38:38.702Z] INFO GET /api-docs/swagger-ui.css
[2025-11-26T11:38:38.704Z] INFO GET /api-docs/swagger-ui-bundle.js
[2025-11-26T11:38:38.705Z] INFO GET /api-docs/swagger-ui-standalone-preset.js
[2025-11-26T11:38:38.705Z] INFO GET /api-docs/swagger-ui-init.js
[2025-11-26T11:38:38.735Z] INFO GET /api-docs/favicon-32x32.png
[2025-11-26T11:38:38.977Z] INFO GET /api-docs/
[2025-11-26T11:38:38.987Z] INFO GET /api-docs/swagger-ui.css
[2025-11-26T11:38:38.988Z] INFO GET /api-docs/swagger-ui-bundle.js
[2025-11-26T11:38:38.989Z] INFO GET /api-docs/swagger-ui-standalone-preset.js
[2025-11-26T11:38:38.989Z] INFO GET /api-docs/swagger-ui-init.js
[2025-11-26T11:38:39.017Z] INFO GET /api-docs/favicon-32x32.png
[2025-11-26T11:38:39.199Z] INFO GET /api-docs/
[2025-11-26T11:38:39.208Z] INFO GET /api-docs/swagger-ui.css
[2025-11-26T11:38:39.209Z] INFO GET /api-docs/swagger-ui-bundle.js
[2025-11-26T11:38:39.209Z] INFO GET /api-docs/swagger-ui-standalone-preset.js
[2025-11-26T11:38:39.210Z] INFO GET /api-docs/swagger-ui-init.js
[2025-11-26T11:38:39.235Z] INFO GET /api-docs/favicon-32x32.png
[2025-11-26T11:39:22.738Z] INFO GET /api-docs/
[2025-11-26T11:39:22.756Z] INFO GET /api-docs/swagger-ui-bundle.js
[2025-11-26T11:39:22.757Z] INFO GET /api-docs/swagger-ui.css
[2025-11-26T11:39:22.759Z] INFO GET /api-docs/swagger-ui-standalone-preset.js
[2025-11-26T11:39:22.760Z] INFO GET /api-docs/swagger-ui-init.js
[2025-11-26T11:39:22.802Z] INFO GET /api-docs/favicon-32x32.png
[2025-11-26T11:39:33.275Z] INFO POST /auth/login
[2025-11-26T11:39:35.711Z] INFO POST /auth/login
[2025-11-26T11:40:24.178Z] INFO POST /auth/login
[2025-11-26T11:40:56.298Z] INFO POST /employees
[2025-11-26T11:41:09.607Z] INFO GET /employees
[2025-11-26T11:41:30.211Z] INFO POST /leaves
[2025-11-26T11:41:50.892Z] INFO PUT /leaves/2/reject
[2025-11-26T11:42:01.454Z] INFO GET /leaves
[2025-11-26T11:43:40.943Z] INFO POST /auth/login
[2025-11-26T11:45:41.621Z] INFO POST /employees
[2025-11-26T11:46:30.240Z] INFO GET /employees
[2025-11-26T11:47:17.546Z] INFO POST /leaves
[2025-11-26T11:48:02.299Z] INFO GET /leaves
[2025-11-26T11:48:43.383Z] INFO PUT /leaves/4/reject
[2025-11-26T11:48:58.654Z] INFO PUT /leaves/3/reject
[2025-11-26T11:49:26.889Z] INFO GET /leaves
